<?xml version="1.0" encoding="UTF-8"?>
<!-- Generated by org.testng.reporters.JUnitReportReporter -->
<testsuite skipped="0" hostname="Abdul" name="sel1.Mavenclas" tests="1" failures="0" timestamp="06 Sep 2018 06:18:35 GMT" time="0.011" errors="0">
  <testcase name="login" time="0.011" classname="sel1.Mavenclas"/>
</testsuite> <!-- sel1.Mavenclas -->
